
> @diagnostik/web@0.1.0 build C:\Dev\diagnostik-chat\apps\web
> next build

  ▲ Next.js 15.0.0
  - Environments: .env.local
  - Experiments (use with caution):
    · typedRoutes

   Creating an optimized production build ...
 ✓ Compiled successfully
   Linting and checking validity of types ...
   Collecting page data ...
   Generating static pages (0/7) ...
   Generating static pages (1/7) 
   Generating static pages (3/7) 
   Generating static pages (5/7) 
 ✓ Generating static pages (7/7)
   Finalizing page optimization ...
   Collecting build traces ...

Route (app)                              Size     First Load JS
┌ ○ /                                    9.26 kB         108 kB
├ ○ /_not-found                          895 B           100 kB
├ ○ /consent                             1.18 kB         100 kB
├ ○ /interview                           1.93 kB         101 kB
└ ○ /thank-you                           541 B          99.7 kB
+ First Load JS shared by all            99.1 kB
  ├ chunks/333-6f43d1fa54c23ee9.js       44.6 kB
  ├ chunks/c2b9d013-b66b2b95d0a25486.js  52.6 kB
  └ other shared chunks (total)          1.89 kB


○  (Static)  prerendered as static content

